<?xml version="1.0" encoding="UTF-8"?>
<testsuite xmlns:xsi="http://www.w3.org/2001/XMLSchema-instance" xsi:noNamespaceSchemaLocation="https://maven.apache.org/surefire/maven-surefire-plugin/xsd/surefire-test-report-3.0.xsd" version="3.0" name="flashcard.ui.MainMenuControllerTest" time="9.137" tests="4" errors="0" skipped="0" failures="0">
  <properties>
[...]
</properties>
  <testcase name="testLoadCategory" classname="flashcard.ui.MainMenuControllerTest" time="4.72"/>
  <testcase name="testCategoryNotSelected" classname="flashcard.ui.MainMenuControllerTest" time="0.75"/>
  <testcase name="testPlayCategory" classname="flashcard.ui.MainMenuControllerTest" time="1.468"/>
  <testcase name="testSwitchToCategoryWindow" classname="flashcard.ui.MainMenuControllerTest" time="0.837"/>
</testsuite>