<?xml version="1.0" encoding="UTF-8"?>
<testsuite xmlns:xsi="http://www.w3.org/2001/XMLSchema-instance" xsi:noNamespaceSchemaLocation="https://maven.apache.org/surefire/maven-surefire-plugin/xsd/surefire-test-report.xsd" name="com.restapi.RestapiTest" time="12.252" tests="6" errors="0" skipped="0" failures="0">
  <properties>
[...]
</properties>
  <testcase name="testGetCategories" classname="com.restapi.RestapiTest" time="0.181"/>
  <testcase name="testWebClientCategoryClient" classname="com.restapi.RestapiTest" time="1.829"/>
  <testcase name="testUpdateCategory" classname="com.restapi.RestapiTest" time="0.298"/>
  <testcase name="testUpdateCategoryName_CategoryIsAlreadyThere" classname="com.restapi.RestapiTest" time="0.082"/>
  <testcase name="testGetCategory" classname="com.restapi.RestapiTest" time="0.071"/>
  <testcase name="testUpdateCategoryName" classname="com.restapi.RestapiTest" time="0.475"/>
</testsuite>