<?xml version="1.0" encoding="UTF-8"?>
<testsuite xmlns:xsi="http://www.w3.org/2001/XMLSchema-instance" xsi:noNamespaceSchemaLocation="https://maven.apache.org/surefire/maven-surefire-plugin/xsd/surefire-test-report-3.0.xsd" version="3.0" name="flashcard.core.CategoryTest" time="0.12" tests="11" errors="0" skipped="0" failures="0">
  <properties>
[...]
</properties>
  <testcase name="testEmptyConstructor" classname="flashcard.core.CategoryTest" time="0.047"/>
  <testcase name="testToString" classname="flashcard.core.CategoryTest" time="0.008"/>
  <testcase name="testContainsFlashcard" classname="flashcard.core.CategoryTest" time="0.011"/>
  <testcase name="testAddFlashCard" classname="flashcard.core.CategoryTest" time="0.001"/>
  <testcase name="testRemoveFlashCard_exceptionCase" classname="flashcard.core.CategoryTest" time="0.001"/>
  <testcase name="testRemoveFlashcard" classname="flashcard.core.CategoryTest" time="0.002"/>
  <testcase name="testAddFlashcardNotPossible" classname="flashcard.core.CategoryTest" time="0.001"/>
  <testcase name="testCardNotInCategory" classname="flashcard.core.CategoryTest" time="0.002"/>
  <testcase name="testSetName" classname="flashcard.core.CategoryTest" time="0"/>
  <testcase name="testIterator" classname="flashcard.core.CategoryTest" time="0.002"/>
  <testcase name="testConstructor" classname="flashcard.core.CategoryTest" time="0.001"/>
</testsuite>