<?xml version="1.0" encoding="UTF-8"?>
<testsuite xmlns:xsi="http://www.w3.org/2001/XMLSchema-instance" xsi:noNamespaceSchemaLocation="https://maven.apache.org/surefire/maven-surefire-plugin/xsd/surefire-test-report-3.0.xsd" version="3.0" name="flashcard.server.ServerTest" time="6.426" tests="7" errors="0" skipped="0" failures="0">
  <properties>
[...]
</properties>
  <testcase name="testGetCategories" classname="flashcard.server.ServerTest" time="0.199"/>
  <testcase name="testUpdateCategoryNameWhenCategoryAlreadyExists" classname="flashcard.server.ServerTest" time="0.208"/>
  <testcase name="testChangeCategoryNameValid" classname="flashcard.server.ServerTest" time="0.644"/>
  <testcase name="testReadSuccess" classname="flashcard.server.ServerTest" time="0.112"/>
  <testcase name="testDeleteCategory" classname="flashcard.server.ServerTest" time="0.203"/>
  <testcase name="testChangeCategoryNameInvalid" classname="flashcard.server.ServerTest" time="0.319"/>
  <testcase name="testWriteSuccess" classname="flashcard.server.ServerTest" time="0.156"/>
</testsuite>